<?xml version="1.0" encoding="UTF-8"?>
<!-- Generated by org.testng.reporters.JUnitReportReporter -->
<testsuite hostname="DESKTOP-IB1ME6F" failures="0" tests="1" name="steps.Runner" time="0.136" errors="0" timestamp="04 Mar 2024 08:16:20 GMT" skipped="1">
  <testcase classname="steps.Runner" name="runScenario" time="0.136">
    <skipped/>
  </testcase> <!-- runScenario -->
</testsuite> <!-- steps.Runner -->
