<?xml version="1.0" encoding="UTF-8"?>
<!-- Generated by org.testng.reporters.JUnitReportReporter -->
<testsuite hostname="DESKTOP-IB1ME6F" failures="0" tests="1" name="test.Cucumber.Runner" time="12.617" errors="0" timestamp="05 Mar 2024 14:21:54 GMT" skipped="0">
  <testcase classname="test.Cucumber.Runner" name="runScenario" time="12.617"/>
</testsuite> <!-- test.Cucumber.Runner -->
