<?xml version="1.0" encoding="UTF-8"?>
<!-- Generated by org.testng.reporters.JUnitReportReporter -->
<testsuite hostname="DESKTOP-IB1ME6F" failures="0" tests="1" name="test.Cucumber.Runner" time="9.972" errors="0" timestamp="27 Feb 2024 03:49:51 GMT" skipped="0">
  <testcase classname="test.Cucumber.Runner" name="runScenario" time="9.972"/>
</testsuite> <!-- test.Cucumber.Runner -->
