<?xml version="1.0" encoding="UTF-8"?>
<!-- Generated by org.testng.reporters.JUnitReportReporter -->
<testsuite hostname="DESKTOP-IB1ME6F" failures="0" tests="1" name="test.Cucumber.Runner" time="15.843" errors="0" timestamp="04 Mar 2024 08:21:37 GMT" skipped="0">
  <testcase classname="test.Cucumber.Runner" name="runScenario" time="15.843"/>
</testsuite> <!-- test.Cucumber.Runner -->
