<?xml version="1.0" encoding="UTF-8"?>
<!-- Generated by org.testng.reporters.JUnitReportReporter -->
<testsuite hostname="DESKTOP-IB1ME6F" failures="0" tests="2" name="test.Cucumber.Runner" time="35.069" errors="0" timestamp="27 Mar 2024 08:56:56 GMT" skipped="0">
  <testcase classname="test.Cucumber.Runner" name="runScenario" time="18.553"/>
  <testcase classname="test.Cucumber.Runner" name="runScenario" time="16.516"/>
</testsuite> <!-- test.Cucumber.Runner -->
