<?xml version="1.0" encoding="UTF-8"?>
<!-- Generated by org.testng.reporters.JUnitReportReporter -->
<testsuite hostname="DESKTOP-IB1ME6F" failures="0" tests="1" name="test.Cucumber.Runner" time="12.306" errors="0" timestamp="11 Mar 2024 12:32:04 GMT" skipped="0">
  <testcase classname="test.Cucumber.Runner" name="runScenario" time="12.306"/>
</testsuite> <!-- test.Cucumber.Runner -->
